<?xml version="1.0" encoding="UTF-8"?>
<!-- Generated by org.testng.reporters.JUnitReportReporter -->
<testsuite hostname="Bharath_lenovo" failures="0" tests="1" name="testCases.TC002_LoginTest" time="2.603" errors="0" timestamp="2025-09-19T09:53:40 SGT" skipped="0">
  <testcase classname="testCases.TC002_LoginTest" name="verify_login" time="2.603"/>
</testsuite> <!-- testCases.TC002_LoginTest -->
