<?xml version="1.0" encoding="UTF-8"?>
<!-- Generated by org.testng.reporters.JUnitReportReporter -->
<testsuite hostname="Bharath_lenovo" failures="0" tests="1" name="testCases.TC005_OrderingItem" time="31.070" errors="0" timestamp="2025-09-22T12:36:13 SGT" skipped="0">
  <testcase classname="testCases.TC005_OrderingItem" name="verifyUserIsAbleToOrder" time="31.070"/>
</testsuite> <!-- testCases.TC005_OrderingItem -->
