<?xml version="1.0" encoding="UTF-8"?>
<!-- Generated by org.testng.reporters.JUnitReportReporter -->
<testsuite hostname="Bharath_lenovo" failures="0" tests="1" name="testCases.TC004_AddToCartTest" time="10.284" errors="0" timestamp="2025-09-22T12:36:13 SGT" skipped="0">
  <testcase classname="testCases.TC004_AddToCartTest" name="verifyAddToCart" time="10.284"/>
</testsuite> <!-- testCases.TC004_AddToCartTest -->
