<?xml version="1.0" encoding="UTF-8"?>
<!-- Generated by org.testng.reporters.JUnitReportReporter -->
<testsuite hostname="Bharath_lenovo" failures="0" tests="1" name="testCases.TC002_LoginTest" time="1.301" errors="0" timestamp="2025-09-22T12:36:13 SGT" skipped="0">
  <testcase classname="testCases.TC002_LoginTest" name="verify_login" time="1.301"/>
</testsuite> <!-- testCases.TC002_LoginTest -->
