<?xml version="1.0" encoding="UTF-8"?>
<!-- Generated by org.testng.reporters.JUnitReportReporter -->
<testsuite hostname="Bharath_lenovo" failures="0" tests="1" name="testCases.TC001_AccountRegistrationTest" time="1.795" errors="0" timestamp="2025-09-22T12:40:34 SGT" skipped="0">
  <testcase classname="testCases.TC001_AccountRegistrationTest" name="verify_Account_Registration" time="1.795"/>
</testsuite> <!-- testCases.TC001_AccountRegistrationTest -->
