<?xml version="1.0" encoding="UTF-8"?>
<!-- Generated by org.testng.reporters.JUnitReportReporter -->
<testsuite hostname="Bharath_lenovo" failures="0" tests="1" name="testCases.TC002_LoginTest" time="1.597" errors="0" timestamp="2025-09-19T16:12:55 GMT+08:00" skipped="0">
  <testcase classname="testCases.TC002_LoginTest" name="verify_login" time="1.597"/>
</testsuite> <!-- testCases.TC002_LoginTest -->
